<?xml version="1.0" encoding="UTF-8"?>
<!-- Generated by org.testng.reporters.JUnitXMLReporter -->
<testsuite ignored="1" hostname="DESKTOP-MG05LRC" failures="1" tests="1" name="Default test(failed)" time="4.579" errors="0" timestamp="2025-05-08T10:38:24 IST">
  <testcase classname="inventoryTests.AddProductToCartTest" name="samepleTest" time="0.017">
    <failure type="java.lang.AssertionError" message="null">
      <![CDATA[java.lang.AssertionError: null
at inventoryTests.AddProductToCartTest.samepleTest(AddProductToCartTest.java:99)
at java.base/java.util.ArrayList.forEach(ArrayList.java:1596)
... Removed 27 stack frames]]>
    </failure>
  </testcase> <!-- samepleTest -->
  <testcase classname="inventoryTests.AddProductToCartTest" name="tc_01_AddProductToCartTest" time="0.0">
    <ignored/>
  </testcase> <!-- tc_01_AddProductToCartTest -->
</testsuite> <!-- Default test(failed) -->
