<?xml version="1.0" encoding="UTF-8"?>
<!-- Generated by org.testng.reporters.JUnitXMLReporter -->
<testsuite ignored="6" hostname="DESKTOP-MG05LRC" failures="0" tests="5" name="Test" time="15.567" errors="0" timestamp="2025-05-22T11:00:45 IST">
  <testcase classname="inventoryTests.LoginTest" name="tc_03_LoginTest" time="2.045"/>
  <testcase classname="inventoryTests.AddProductToCartTest" name="samepleTest" time="0.004"/>
  <testcase classname="inventoryTests.AddProductToCartTest" name="tc_01_AddProductToCartTest" time="0.691"/>
  <testcase classname="inventoryTests.AddMultipleProductToCartTest" name="tc_04_AddMultipleProductToCartTest" time="1.51"/>
  <testcase classname="inventoryTests.AddLowestPriceProductToCartText" name="tc_02_AddLowestPriceProductToCartText" time="0.464"/>
  <testcase classname="genericUtilities.BaseClass" name="@AfterSuite asConfig" time="0.0">
    <ignored/>
  </testcase> <!-- @AfterSuite asConfig -->
  <testcase classname="genericUtilities.BaseClass" name="@BeforeSuite bsConfig" time="0.0">
    <ignored/>
  </testcase> <!-- @BeforeSuite bsConfig -->
  <testcase classname="genericUtilities.BaseClass" name="@BeforeSuite bsConfig" time="0.0">
    <ignored/>
  </testcase> <!-- @BeforeSuite bsConfig -->
  <testcase classname="genericUtilities.BaseClass" name="@AfterSuite asConfig" time="0.0">
    <ignored/>
  </testcase> <!-- @AfterSuite asConfig -->
  <testcase classname="genericUtilities.BaseClass" name="@BeforeSuite bsConfig" time="0.0">
    <ignored/>
  </testcase> <!-- @BeforeSuite bsConfig -->
  <testcase classname="genericUtilities.BaseClass" name="@AfterSuite asConfig" time="0.0">
    <ignored/>
  </testcase> <!-- @AfterSuite asConfig -->
</testsuite> <!-- Test -->
