<?xml version="1.0" encoding="UTF-8"?>
<!-- Generated by org.testng.reporters.JUnitXMLReporter -->
<testsuite ignored="2" hostname="DESKTOP-MG05LRC" failures="0" tests="2" name="Test" time="10.627" errors="0" timestamp="2025-05-14T10:59:19 IST">
  <testcase classname="inventoryTests.LoginTest" name="tc_03_LoginTest" time="2.064"/>
  <testcase classname="inventoryTests.AddLowestPriceProductToCartText" name="tc_02_AddLowestPriceProductToCartText" time="0.938"/>
  <testcase classname="genericUtilities.BaseClass" name="@BeforeSuite bsConfig" time="0.0">
    <ignored/>
  </testcase> <!-- @BeforeSuite bsConfig -->
  <testcase classname="genericUtilities.BaseClass" name="@AfterSuite asConfig" time="0.0">
    <ignored/>
  </testcase> <!-- @AfterSuite asConfig -->
</testsuite> <!-- Test -->
