<?xml version="1.0" encoding="UTF-8"?>
<testng-results ignored="0" total="5" passed="5" failed="0" skipped="0">
  <reporter-output>
  </reporter-output>
  <suite started-at="2025-05-22T11:00:29 IST" name="Suite" finished-at="2025-05-22T11:00:45 IST" duration-ms="15567">
    <groups>
      <group name="RegressionSuite">
        <method signature="AddLowestPriceProductToCartText.tc_02_AddLowestPriceProductToCartText()[pri:0, instance:inventoryTests.AddLowestPriceProductToCartText@23348b5d]" name="tc_02_AddLowestPriceProductToCartText" class="inventoryTests.AddLowestPriceProductToCartText"/>
        <method signature="LoginTest.tc_03_LoginTest()[pri:0, instance:inventoryTests.LoginTest@77f1baf5]" name="tc_03_LoginTest" class="inventoryTests.LoginTest"/>
      </group> <!-- RegressionSuite -->
      <group name="SmokeSuite">
        <method signature="AddProductToCartTest.tc_01_AddProductToCartTest()[pri:0, instance:inventoryTests.AddProductToCartTest@38afe297]" name="tc_01_AddProductToCartTest" class="inventoryTests.AddProductToCartTest"/>
      </group> <!-- SmokeSuite -->
    </groups>
    <test started-at="2025-05-22T11:00:29 IST" name="Test" finished-at="2025-05-22T11:00:45 IST" duration-ms="15567">
      <class name="inventoryTests.LoginTest">
        <test-method is-config="true" signature="bsConfig()[pri:0, instance:inventoryTests.LoginTest@77f1baf5]" started-at="2025-05-22T11:00:29 IST" name="bsConfig" finished-at="2025-05-22T11:00:29 IST" duration-ms="12" status="PASS">
          <reporter-output>
          </reporter-output>
        </test-method> <!-- bsConfig -->
        <test-method is-config="true" signature="bcConfig()[pri:0, instance:inventoryTests.LoginTest@77f1baf5]" started-at="2025-05-22T11:00:29 IST" name="bcConfig" finished-at="2025-05-22T11:00:32 IST" duration-ms="2467" status="PASS">
          <reporter-output>
          </reporter-output>
        </test-method> <!-- bcConfig -->
        <test-method is-config="true" signature="bmConfig()[pri:0, instance:inventoryTests.LoginTest@77f1baf5]" started-at="2025-05-22T11:00:32 IST" name="bmConfig" finished-at="2025-05-22T11:00:32 IST" duration-ms="323" status="PASS">
          <reporter-output>
          </reporter-output>
        </test-method> <!-- bmConfig -->
        <test-method signature="tc_03_LoginTest()[pri:0, instance:inventoryTests.LoginTest@77f1baf5]" started-at="2025-05-22T11:00:32 IST" name="tc_03_LoginTest" finished-at="2025-05-22T11:00:34 IST" duration-ms="2045" status="PASS">
          <reporter-output>
          </reporter-output>
        </test-method> <!-- tc_03_LoginTest -->
        <test-method is-config="true" signature="amConfig()[pri:0, instance:inventoryTests.LoginTest@77f1baf5]" started-at="2025-05-22T11:00:34 IST" name="amConfig" finished-at="2025-05-22T11:00:34 IST" duration-ms="156" status="PASS">
          <reporter-output>
          </reporter-output>
        </test-method> <!-- amConfig -->
        <test-method is-config="true" signature="acConfig()[pri:0, instance:inventoryTests.LoginTest@77f1baf5]" started-at="2025-05-22T11:00:34 IST" name="acConfig" finished-at="2025-05-22T11:00:35 IST" duration-ms="213" status="PASS">
          <reporter-output>
          </reporter-output>
        </test-method> <!-- acConfig -->
        <test-method is-config="true" signature="asConfig()[pri:0, instance:inventoryTests.LoginTest@77f1baf5]" started-at="2025-05-22T11:00:45 IST" name="asConfig" finished-at="2025-05-22T11:00:45 IST" duration-ms="0" status="PASS">
          <reporter-output>
          </reporter-output>
        </test-method> <!-- asConfig -->
      </class> <!-- inventoryTests.LoginTest -->
      <class name="inventoryTests.AddMultipleProductToCartTest">
        <test-method is-config="true" signature="bcConfig()[pri:0, instance:inventoryTests.AddMultipleProductToCartTest@2df3b89c]" started-at="2025-05-22T11:00:38 IST" name="bcConfig" finished-at="2025-05-22T11:00:40 IST" duration-ms="1577" status="PASS">
          <reporter-output>
          </reporter-output>
        </test-method> <!-- bcConfig -->
        <test-method is-config="true" signature="bmConfig()[pri:0, instance:inventoryTests.AddMultipleProductToCartTest@2df3b89c]" started-at="2025-05-22T11:00:40 IST" name="bmConfig" finished-at="2025-05-22T11:00:40 IST" duration-ms="274" status="PASS">
          <reporter-output>
          </reporter-output>
        </test-method> <!-- bmConfig -->
        <test-method signature="tc_04_AddMultipleProductToCartTest()[pri:0, instance:inventoryTests.AddMultipleProductToCartTest@2df3b89c]" started-at="2025-05-22T11:00:40 IST" name="tc_04_AddMultipleProductToCartTest" finished-at="2025-05-22T11:00:42 IST" duration-ms="1510" status="PASS">
          <reporter-output>
          </reporter-output>
        </test-method> <!-- tc_04_AddMultipleProductToCartTest -->
        <test-method is-config="true" signature="amConfig()[pri:0, instance:inventoryTests.AddMultipleProductToCartTest@2df3b89c]" started-at="2025-05-22T11:00:42 IST" name="amConfig" finished-at="2025-05-22T11:00:42 IST" duration-ms="168" status="PASS">
          <reporter-output>
          </reporter-output>
        </test-method> <!-- amConfig -->
        <test-method is-config="true" signature="acConfig()[pri:0, instance:inventoryTests.AddMultipleProductToCartTest@2df3b89c]" started-at="2025-05-22T11:00:42 IST" name="acConfig" finished-at="2025-05-22T11:00:42 IST" duration-ms="219" status="PASS">
          <reporter-output>
          </reporter-output>
        </test-method> <!-- acConfig -->
      </class> <!-- inventoryTests.AddMultipleProductToCartTest -->
      <class name="inventoryTests.AddLowestPriceProductToCartText">
        <test-method is-config="true" signature="bcConfig()[pri:0, instance:inventoryTests.AddLowestPriceProductToCartText@23348b5d]" started-at="2025-05-22T11:00:42 IST" name="bcConfig" finished-at="2025-05-22T11:00:44 IST" duration-ms="1577" status="PASS">
          <reporter-output>
          </reporter-output>
        </test-method> <!-- bcConfig -->
        <test-method is-config="true" signature="bmConfig()[pri:0, instance:inventoryTests.AddLowestPriceProductToCartText@23348b5d]" started-at="2025-05-22T11:00:44 IST" name="bmConfig" finished-at="2025-05-22T11:00:44 IST" duration-ms="311" status="PASS">
          <reporter-output>
          </reporter-output>
        </test-method> <!-- bmConfig -->
        <test-method signature="tc_02_AddLowestPriceProductToCartText()[pri:0, instance:inventoryTests.AddLowestPriceProductToCartText@23348b5d]" started-at="2025-05-22T11:00:44 IST" name="tc_02_AddLowestPriceProductToCartText" finished-at="2025-05-22T11:00:44 IST" duration-ms="464" status="PASS">
          <reporter-output>
          </reporter-output>
        </test-method> <!-- tc_02_AddLowestPriceProductToCartText -->
        <test-method is-config="true" signature="amConfig()[pri:0, instance:inventoryTests.AddLowestPriceProductToCartText@23348b5d]" started-at="2025-05-22T11:00:44 IST" name="amConfig" finished-at="2025-05-22T11:00:45 IST" duration-ms="172" status="PASS">
          <reporter-output>
          </reporter-output>
        </test-method> <!-- amConfig -->
        <test-method is-config="true" signature="acConfig()[pri:0, instance:inventoryTests.AddLowestPriceProductToCartText@23348b5d]" started-at="2025-05-22T11:00:45 IST" name="acConfig" finished-at="2025-05-22T11:00:45 IST" duration-ms="228" status="PASS">
          <reporter-output>
          </reporter-output>
        </test-method> <!-- acConfig -->
      </class> <!-- inventoryTests.AddLowestPriceProductToCartText -->
      <class name="inventoryTests.AddProductToCartTest">
        <test-method is-config="true" signature="bcConfig()[pri:0, instance:inventoryTests.AddProductToCartTest@38afe297]" started-at="2025-05-22T11:00:35 IST" name="bcConfig" finished-at="2025-05-22T11:00:36 IST" duration-ms="1743" status="PASS">
          <reporter-output>
          </reporter-output>
        </test-method> <!-- bcConfig -->
        <test-method is-config="true" signature="bmConfig()[pri:0, instance:inventoryTests.AddProductToCartTest@38afe297]" started-at="2025-05-22T11:00:36 IST" name="bmConfig" finished-at="2025-05-22T11:00:37 IST" duration-ms="336" status="PASS">
          <reporter-output>
          </reporter-output>
        </test-method> <!-- bmConfig -->
        <test-method signature="samepleTest()[pri:0, instance:inventoryTests.AddProductToCartTest@38afe297]" started-at="2025-05-22T11:00:37 IST" name="samepleTest" finished-at="2025-05-22T11:00:37 IST" duration-ms="4" status="PASS">
          <reporter-output>
          </reporter-output>
        </test-method> <!-- samepleTest -->
        <test-method is-config="true" signature="amConfig()[pri:0, instance:inventoryTests.AddProductToCartTest@38afe297]" started-at="2025-05-22T11:00:37 IST" name="amConfig" finished-at="2025-05-22T11:00:37 IST" duration-ms="210" status="PASS">
          <reporter-output>
          </reporter-output>
        </test-method> <!-- amConfig -->
        <test-method is-config="true" signature="bmConfig()[pri:0, instance:inventoryTests.AddProductToCartTest@38afe297]" started-at="2025-05-22T11:00:37 IST" name="bmConfig" finished-at="2025-05-22T11:00:37 IST" duration-ms="210" status="PASS">
          <reporter-output>
          </reporter-output>
        </test-method> <!-- bmConfig -->
        <test-method signature="tc_01_AddProductToCartTest()[pri:0, instance:inventoryTests.AddProductToCartTest@38afe297]" started-at="2025-05-22T11:00:37 IST" name="tc_01_AddProductToCartTest" finished-at="2025-05-22T11:00:38 IST" duration-ms="691" status="PASS">
          <reporter-output>
          </reporter-output>
        </test-method> <!-- tc_01_AddProductToCartTest -->
        <test-method is-config="true" signature="amConfig()[pri:0, instance:inventoryTests.AddProductToCartTest@38afe297]" started-at="2025-05-22T11:00:38 IST" name="amConfig" finished-at="2025-05-22T11:00:38 IST" duration-ms="178" status="PASS">
          <reporter-output>
          </reporter-output>
        </test-method> <!-- amConfig -->
        <test-method is-config="true" signature="acConfig()[pri:0, instance:inventoryTests.AddProductToCartTest@38afe297]" started-at="2025-05-22T11:00:38 IST" name="acConfig" finished-at="2025-05-22T11:00:38 IST" duration-ms="203" status="PASS">
          <reporter-output>
          </reporter-output>
        </test-method> <!-- acConfig -->
      </class> <!-- inventoryTests.AddProductToCartTest -->
    </test> <!-- Test -->
  </suite> <!-- Suite -->
</testng-results>
