<?xml version="1.0" encoding="UTF-8"?>
<!-- Generated by org.testng.reporters.JUnitReportReporter -->
<testsuite hostname="DESKTOP-MG05LRC" failures="0" tests="2" name="inventoryTests.AddProductToCartTest" time="1.629" errors="0" timestamp="2025-05-22T11:00:45 IST" skipped="0">
  <testcase classname="inventoryTests.AddProductToCartTest" name="tc_01_AddProductToCartTest" time="1.237"/>
  <testcase classname="inventoryTests.AddProductToCartTest" name="samepleTest" time="0.392"/>
</testsuite> <!-- inventoryTests.AddProductToCartTest -->
