<?xml version="1.0" encoding="UTF-8"?>
<!-- Generated by org.testng.reporters.JUnitReportReporter -->
<testsuite hostname="DESKTOP-MG05LRC" failures="0" tests="3" name="practice.TestNgSample" time="0.016" errors="0" timestamp="2025-04-28T12:40:24 IST" skipped="0">
  <testcase classname="practice.TestNgSample" name="createEmpData" time="0.012"/>
  <testcase classname="practice.TestNgSample" name="createEmpData" time="0.003"/>
  <testcase classname="practice.TestNgSample" name="createEmpData" time="0.001"/>
</testsuite> <!-- practice.TestNgSample -->
